<?xml version="1.0" encoding="UTF-8"?>
<!-- Generated by org.testng.reporters.JUnitReportReporter -->
<testsuite skipped="0" hostname="MacBook-Pro-Mark.local" name="com.herokuapp.theinternet.keypressestests.KeyPressesTests" tests="2" failures="0" timestamp="2019-07-01T15:38:58 EEST" time="8.681" errors="0">
  <testcase name="pressKeyTest" time="4.833" classname="com.herokuapp.theinternet.keypressestests.KeyPressesTests"/>
  <testcase name="pressKeyWithActionsTest" time="3.848" classname="com.herokuapp.theinternet.keypressestests.KeyPressesTests"/>
</testsuite> <!-- com.herokuapp.theinternet.keypressestests.KeyPressesTests -->
