<?xml version="1.0" encoding="UTF-8"?>
<!-- Generated by org.testng.reporters.JUnitReportReporter -->
<testsuite skipped="0" hostname="MacBook-Pro-Mark.local" name="com.herokuapp.theinternet.editortests.EditorTests" tests="1" failures="0" timestamp="2019-07-01T15:38:58 EEST" time="17.356" errors="0">
  <testcase name="defaultEditorValueTest" time="17.356" classname="com.herokuapp.theinternet.editortests.EditorTests"/>
</testsuite> <!-- com.herokuapp.theinternet.editortests.EditorTests -->
