<?xml version="1.0" encoding="UTF-8"?>
<!-- Generated by org.testng.reporters.JUnitReportReporter -->
<testsuite skipped="0" hostname="MacBook-Pro-Mark.local" name="com.herokuapp.theinternet.uploadtests.UploadTests" tests="3" failures="0" timestamp="2019-07-01T15:38:58 EEST" time="16.613" errors="0">
  <testcase name="fileUploadTest" time="4.746" classname="com.herokuapp.theinternet.uploadtests.UploadTests"/>
  <testcase name="fileUploadTest" time="5.166" classname="com.herokuapp.theinternet.uploadtests.UploadTests"/>
  <testcase name="fileUploadTest" time="6.701" classname="com.herokuapp.theinternet.uploadtests.UploadTests"/>
</testsuite> <!-- com.herokuapp.theinternet.uploadtests.UploadTests -->
