<?xml version="1.0" encoding="UTF-8"?>
<!-- Generated by org.testng.reporters.JUnitReportReporter -->
<testsuite skipped="0" hostname="MacBook-Pro-Mark.local" name="com.herokuapp.theinternet.loginpagetests.NegativeLogInTests" tests="10" failures="0" timestamp="2019-07-01T15:38:58 EEST" time="103.466" errors="0">
  <testcase name="negativeLogInTest" time="10.601" classname="com.herokuapp.theinternet.loginpagetests.NegativeLogInTests"/>
  <testcase name="negativeLogInTest" time="11.879" classname="com.herokuapp.theinternet.loginpagetests.NegativeLogInTests"/>
  <testcase name="negativeLogInTest" time="11.386" classname="com.herokuapp.theinternet.loginpagetests.NegativeLogInTests"/>
  <testcase name="negativeLogInTest" time="8.337" classname="com.herokuapp.theinternet.loginpagetests.NegativeLogInTests"/>
  <testcase name="negativeLogInTest" time="13.663" classname="com.herokuapp.theinternet.loginpagetests.NegativeLogInTests"/>
  <testcase name="negativeLogInTest" time="13.266" classname="com.herokuapp.theinternet.loginpagetests.NegativeLogInTests"/>
  <testcase name="negativeLogInTest" time="8.797" classname="com.herokuapp.theinternet.loginpagetests.NegativeLogInTests"/>
  <testcase name="negativeLogInTest" time="8.333" classname="com.herokuapp.theinternet.loginpagetests.NegativeLogInTests"/>
  <testcase name="negativeLogInTest" time="6.637" classname="com.herokuapp.theinternet.loginpagetests.NegativeLogInTests"/>
  <testcase name="negativeLogInTest" time="10.567" classname="com.herokuapp.theinternet.loginpagetests.NegativeLogInTests"/>
</testsuite> <!-- com.herokuapp.theinternet.loginpagetests.NegativeLogInTests -->
