<?xml version="1.0" encoding="UTF-8"?>
<!-- Generated by org.testng.reporters.JUnitReportReporter -->
<testsuite skipped="0" hostname="MacBook-Pro-Mark.local" name="com.herokuapp.theinternet.draganddroptests.DragAndDropTests" tests="2" failures="0" timestamp="2019-07-01T15:38:58 EEST" time="13.639" errors="0">
  <testcase name="dragAToBTest" time="5.591" classname="com.herokuapp.theinternet.draganddroptests.DragAndDropTests"/>
  <testcase name="dragAToBTest" time="8.048" classname="com.herokuapp.theinternet.draganddroptests.DragAndDropTests"/>
</testsuite> <!-- com.herokuapp.theinternet.draganddroptests.DragAndDropTests -->
