<?xml version="1.0" encoding="UTF-8"?>
<!-- Generated by org.testng.reporters.JUnitReportReporter -->
<testsuite skipped="0" hostname="MacBook-Pro-Mark.local" name="com.herokuapp.theinternet.windowstests.WindowsTests" tests="1" failures="0" timestamp="2019-07-01T15:38:58 EEST" time="7.773" errors="0">
  <testcase name="newWindowTest" time="7.773" classname="com.herokuapp.theinternet.windowstests.WindowsTests"/>
</testsuite> <!-- com.herokuapp.theinternet.windowstests.WindowsTests -->
