<?xml version="1.0" encoding="UTF-8"?>
<!-- Generated by org.testng.reporters.JUnitReportReporter -->
<testsuite skipped="0" hostname="MacBook-Pro-Mark.local" name="com.herokuapp.theinternet.checkboxespagetests.CheckboxesTests" tests="1" failures="0" timestamp="2019-07-01T15:38:58 EEST" time="8.484" errors="0">
  <testcase name="selectingTwoCheckboxesTest" time="8.484" classname="com.herokuapp.theinternet.checkboxespagetests.CheckboxesTests"/>
</testsuite> <!-- com.herokuapp.theinternet.checkboxespagetests.CheckboxesTests -->
